{
"contracts/MetaNodeStake.sol":{"l":{"71":5,"72":5,"76":0,"77":0,"81":0,"82":0,"91":7,"92":7,"93":7,"94":7,"95":7,"97":7,"99":7,"100":7,"101":7,"109":0,"110":0,"114":0,"118":0,"119":0,"123":0,"124":0,"128":3,"135":1,"143":1,"144":1,"146":1,"147":1,"149":1,"150":0,"152":0,"154":0,"157":1,"161":0,"162":0,"166":0,"167":0,"171":0,"172":0,"176":0,"177":0,"183":7,"191":0,"193":0,"194":0,"197":0,"198":0,"205":1,"209":0,"210":0,"211":0,"221":8,"222":1,"224":7,"227":8,"228":8,"230":8,"242":1,"243":1,"245":1,"246":1,"248":1,"255":0,"256":0,"257":0,"258":0,"259":0,"262":0,"269":1,"270":1,"272":1,"273":1,"274":0,"275":0,"277":0,"278":0,"280":0,"281":0,"282":0,"283":0,"287":1,"288":1,"289":1,"290":1,"293":1,"294":1,"295":1,"297":1,"298":1,"299":1,"303":1,"305":1,"306":1,"309":0,"310":0,"312":0,"313":0,"315":0,"316":0,"317":0,"318":0,"320":0,"321":0,"323":0,"324":0,"325":0,"328":0,"335":0,"336":0,"337":0,"339":0,"340":0,"343":0,"344":0,"345":0,"346":0,"353":0,"354":0,"356":0,"358":0,"360":0,"362":0,"363":0,"366":0,"367":0,"368":0,"374":0,"375":0,"379":0,"380":0,"382":0,"383":0,"384":0,"385":0,"386":0,"389":0,"390":0,"393":0,"394":0,"397":0,"398":0,"401":0,"402":0,"403":0,"405":0,"414":0,"416":0,"417":0,"418":0,"421":0,"426":0,"427":0,"429":0,"431":0,"433":0,"434":0,"435":0,"438":0,"445":0,"446":0,"448":0,"449":0,"457":0,"459":0,"460":0,"462":0},"path":"/home/ubuntu/web3-tasks/advanced2-contract-dev/task2/metanode-stake/contracts/MetaNodeStake.sol","s":{"1":5,"2":0,"3":0,"4":7,"5":7,"6":7,"7":7,"8":7,"9":7,"10":0,"11":0,"12":3,"13":1,"14":1,"15":1,"16":1,"17":1,"18":1,"19":0,"20":0,"21":1,"22":0,"23":0,"24":0,"25":0,"26":0,"27":0,"28":0,"29":1,"30":0,"31":0,"32":0,"33":8,"34":1,"35":7,"36":8,"37":8,"38":1,"39":1,"40":1,"41":1,"42":1,"43":0,"44":0,"45":0,"46":0,"47":0,"48":0,"49":1,"50":1,"51":1,"52":1,"53":0,"54":0,"55":0,"56":0,"57":0,"58":0,"59":0,"60":1,"61":1,"62":1,"63":1,"64":1,"65":1,"66":1,"67":1,"68":1,"69":1,"70":0,"71":0,"72":0,"73":0,"74":0,"75":0,"76":0,"77":0,"78":0,"79":0,"80":0,"81":0,"82":0,"83":0,"84":0,"85":0,"86":0,"87":0,"88":0,"89":0,"90":0,"91":0,"92":0,"93":0,"94":0,"95":0,"96":0,"97":0,"98":0,"99":0,"100":0,"101":0,"102":0,"103":0,"104":0,"105":0,"106":0,"107":0,"108":0,"109":0,"110":0,"111":0,"112":0,"113":0,"114":0,"115":0,"116":0,"117":0,"118":0,"119":0,"120":0,"121":0,"122":0,"123":0},"b":{"1":[5,0],"2":[0,0],"3":[0,0],"4":[7,0],"5":[0,0],"6":[0,0],"7":[0,0],"8":[0,0],"9":[0,0],"10":[0,0],"11":[0,0],"12":[1,0],"13":[1,0],"14":[0,1],"15":[0,0],"16":[0,0],"17":[0,0],"18":[0,0],"19":[0,0],"20":[0,0],"21":[0,0],"22":[0,0],"23":[0,0],"24":[7,0],"25":[0,0],"26":[0,0],"27":[0,0],"28":[0,0],"29":[1,0],"30":[8,1],"31":[1,7],"32":[1,0],"33":[7,0],"34":[0,8],"35":[1,0],"36":[1,0],"37":[0,0],"38":[0,0],"39":[0,0],"40":[0,0],"41":[1,0],"42":[0,1],"43":[0,0],"44":[0,0],"45":[0,0],"46":[0,0],"47":[1,0],"48":[1,0],"49":[1,0],"50":[1,0],"51":[1,0],"52":[1,0],"53":[0,0],"54":[0,0],"55":[0,0],"56":[0,0],"57":[0,0],"58":[0,0],"59":[0,0],"60":[0,0],"61":[0,0],"62":[0,0],"63":[0,0],"64":[0,0],"65":[0,0],"66":[0,0],"67":[0,0],"68":[0,0],"69":[0,0],"70":[0,0],"71":[0,0],"72":[0,0],"73":[0,0],"74":[0,0],"75":[0,0],"76":[0,0],"77":[0,0],"78":[0,0],"79":[0,0],"80":[0,0],"81":[0,0]},"f":{"1":5,"2":0,"3":0,"4":7,"5":0,"6":0,"7":0,"8":0,"9":3,"10":1,"11":1,"12":0,"13":0,"14":0,"15":0,"16":0,"17":7,"18":0,"19":1,"20":0,"21":8,"22":1,"23":0,"24":1,"25":1,"26":0,"27":0,"28":0,"29":0,"30":0,"31":0,"32":0},"fnMap":{"1":{"name":"checkPid","line":70,"loc":{"start":{"line":70,"column":4},"end":{"line":73,"column":4}}},"2":{"name":"whenNotWithdrawPaused","line":75,"loc":{"start":{"line":75,"column":4},"end":{"line":78,"column":4}}},"3":{"name":"whenNotClaimPaused","line":80,"loc":{"start":{"line":80,"column":4},"end":{"line":83,"column":4}}},"4":{"name":"initialize","line":90,"loc":{"start":{"line":85,"column":4},"end":{"line":102,"column":4}}},"5":{"name":"updatePool","line":108,"loc":{"start":{"line":104,"column":4},"end":{"line":111,"column":4}}},"6":{"name":"setMetaNodePerBlock","line":113,"loc":{"start":{"line":113,"column":4},"end":{"line":115,"column":4}}},"7":{"name":"setStartBlock","line":117,"loc":{"start":{"line":117,"column":4},"end":{"line":120,"column":4}}},"8":{"name":"setEndBlock","line":122,"loc":{"start":{"line":122,"column":4},"end":{"line":125,"column":4}}},"9":{"name":"poolLength","line":127,"loc":{"start":{"line":127,"column":4},"end":{"line":129,"column":4}}},"10":{"name":"pendingMetaNode","line":134,"loc":{"start":{"line":131,"column":4},"end":{"line":136,"column":4}}},"11":{"name":"pendingMetaNodeByBlockNumber","line":142,"loc":{"start":{"line":138,"column":4},"end":{"line":158,"column":4}}},"12":{"name":"pausedWithdraw","line":160,"loc":{"start":{"line":160,"column":4},"end":{"line":163,"column":4}}},"13":{"name":"pauseClaim","line":165,"loc":{"start":{"line":165,"column":4},"end":{"line":168,"column":4}}},"14":{"name":"unpauseWithdraw","line":170,"loc":{"start":{"line":170,"column":4},"end":{"line":173,"column":4}}},"15":{"name":"unpauseClaim","line":175,"loc":{"start":{"line":175,"column":4},"end":{"line":178,"column":4}}},"16":{"name":"_authorizeUpgrade","line":180,"loc":{"start":{"line":180,"column":4},"end":{"line":180,"column":102}}},"17":{"name":"setMetaNode","line":182,"loc":{"start":{"line":182,"column":4},"end":{"line":184,"column":4}}},"18":{"name":"setPoolWeight","line":190,"loc":{"start":{"line":186,"column":4},"end":{"line":199,"column":4}}},"19":{"name":"stakingBalance","line":204,"loc":{"start":{"line":201,"column":4},"end":{"line":206,"column":4}}},"20":{"name":"massUpdatePools","line":208,"loc":{"start":{"line":208,"column":4},"end":{"line":213,"column":4}}},"21":{"name":"addPool","line":220,"loc":{"start":{"line":215,"column":4},"end":{"line":239,"column":4}}},"22":{"name":"depositETH","line":241,"loc":{"start":{"line":241,"column":4},"end":{"line":249,"column":4}}},"23":{"name":"deposit","line":254,"loc":{"start":{"line":251,"column":4},"end":{"line":263,"column":4}}},"24":{"name":"_deposit","line":268,"loc":{"start":{"line":265,"column":4},"end":{"line":300,"column":4}}},"25":{"name":"updatePool","line":302,"loc":{"start":{"line":302,"column":4},"end":{"line":329,"column":4}}},"26":{"name":"getMultiplier","line":331,"loc":{"start":{"line":331,"column":4},"end":{"line":347,"column":4}}},"27":{"name":"unstake","line":352,"loc":{"start":{"line":349,"column":4},"end":{"line":376,"column":4}}},"28":{"name":"withdraw","line":378,"loc":{"start":{"line":378,"column":4},"end":{"line":408,"column":4}}},"29":{"name":"withdrawAmount","line":413,"loc":{"start":{"line":410,"column":4},"end":{"line":423,"column":4}}},"30":{"name":"claim","line":425,"loc":{"start":{"line":425,"column":4},"end":{"line":439,"column":4}}},"31":{"name":"_safeETHTransfer","line":441,"loc":{"start":{"line":441,"column":4},"end":{"line":451,"column":4}}},"32":{"name":"_safeMetaNodeTransfer","line":453,"loc":{"start":{"line":453,"column":4},"end":{"line":464,"column":4}}}},"statementMap":{"1":{"start":{"line":71,"column":8},"end":{"line":71,"column":50}},"2":{"start":{"line":76,"column":8},"end":{"line":76,"column":53}},"3":{"start":{"line":81,"column":8},"end":{"line":81,"column":47}},"4":{"start":{"line":91,"column":8},"end":{"line":91,"column":29}},"5":{"start":{"line":92,"column":8},"end":{"line":92,"column":24}},"6":{"start":{"line":93,"column":8},"end":{"line":93,"column":31}},"7":{"start":{"line":94,"column":8},"end":{"line":94,"column":41}},"8":{"start":{"line":95,"column":8},"end":{"line":95,"column":44}},"9":{"start":{"line":97,"column":8},"end":{"line":97,"column":36}},"10":{"start":{"line":118,"column":8},"end":{"line":118,"column":95}},"11":{"start":{"line":123,"column":8},"end":{"line":123,"column":91}},"12":{"start":{"line":128,"column":8},"end":{"line":128,"column":27}},"13":{"start":{"line":135,"column":8},"end":{"line":135,"column":70}},"14":{"start":{"line":143,"column":8},"end":{"line":143,"column":40}},"15":{"start":{"line":144,"column":8},"end":{"line":144,"column":48}},"16":{"start":{"line":146,"column":8},"end":{"line":146,"column":57}},"17":{"start":{"line":147,"column":8},"end":{"line":147,"column":46}},"18":{"start":{"line":149,"column":8},"end":{"line":149,"column":4455}},"19":{"start":{"line":150,"column":12},"end":{"line":150,"column":83}},"20":{"start":{"line":152,"column":12},"end":{"line":152,"column":81}},"21":{"start":{"line":157,"column":8},"end":{"line":157,"column":110}},"22":{"start":{"line":161,"column":8},"end":{"line":161,"column":61}},"23":{"start":{"line":166,"column":8},"end":{"line":166,"column":55}},"24":{"start":{"line":171,"column":8},"end":{"line":171,"column":56}},"25":{"start":{"line":176,"column":8},"end":{"line":176,"column":50}},"26":{"start":{"line":191,"column":8},"end":{"line":191,"column":69}},"27":{"start":{"line":193,"column":8},"end":{"line":193,"column":6116}},"28":{"start":{"line":194,"column":12},"end":{"line":194,"column":28}},"29":{"start":{"line":205,"column":8},"end":{"line":205,"column":40}},"30":{"start":{"line":209,"column":8},"end":{"line":209,"column":37}},"31":{"start":{"line":210,"column":8},"end":{"line":210,"column":6567}},"32":{"start":{"line":211,"column":12},"end":{"line":211,"column":24}},"33":{"start":{"line":221,"column":8},"end":{"line":221,"column":6847}},"34":{"start":{"line":222,"column":12},"end":{"line":222,"column":77}},"35":{"start":{"line":224,"column":12},"end":{"line":224,"column":77}},"36":{"start":{"line":227,"column":8},"end":{"line":227,"column":81}},"37":{"start":{"line":230,"column":8},"end":{"line":230,"column":7189}},"38":{"start":{"line":242,"column":8},"end":{"line":242,"column":43}},"39":{"start":{"line":243,"column":8},"end":{"line":243,"column":72}},"40":{"start":{"line":245,"column":8},"end":{"line":245,"column":35}},"41":{"start":{"line":246,"column":8},"end":{"line":246,"column":99}},"42":{"start":{"line":248,"column":8},"end":{"line":248,"column":33}},"43":{"start":{"line":255,"column":8},"end":{"line":255,"column":60}},"44":{"start":{"line":256,"column":8},"end":{"line":256,"column":40}},"45":{"start":{"line":257,"column":8},"end":{"line":257,"column":98}},"46":{"start":{"line":258,"column":8},"end":{"line":258,"column":8166}},"47":{"start":{"line":259,"column":12},"end":{"line":259,"column":89}},"48":{"start":{"line":262,"column":8},"end":{"line":262,"column":30}},"49":{"start":{"line":269,"column":8},"end":{"line":269,"column":40}},"50":{"start":{"line":270,"column":8},"end":{"line":270,"column":52}},"51":{"start":{"line":272,"column":8},"end":{"line":272,"column":23}},"52":{"start":{"line":273,"column":8},"end":{"line":273,"column":8560}},"53":{"start":{"line":274,"column":12},"end":{"line":274,"column":91}},"54":{"start":{"line":275,"column":12},"end":{"line":275,"column":49}},"55":{"start":{"line":277,"column":12},"end":{"line":277,"column":96}},"56":{"start":{"line":278,"column":12},"end":{"line":278,"column":45}},"57":{"start":{"line":280,"column":12},"end":{"line":280,"column":8893}},"58":{"start":{"line":281,"column":16},"end":{"line":281,"column":105}},"59":{"start":{"line":282,"column":16},"end":{"line":282,"column":57}},"60":{"start":{"line":287,"column":8},"end":{"line":287,"column":9177}},"61":{"start":{"line":288,"column":12},"end":{"line":288,"column":75}},"62":{"start":{"line":289,"column":12},"end":{"line":289,"column":48}},"63":{"start":{"line":293,"column":8},"end":{"line":293,"column":81}},"64":{"start":{"line":294,"column":8},"end":{"line":294,"column":47}},"65":{"start":{"line":297,"column":8},"end":{"line":297,"column":92}},"66":{"start":{"line":298,"column":8},"end":{"line":298,"column":50}},"67":{"start":{"line":303,"column":8},"end":{"line":303,"column":40}},"68":{"start":{"line":305,"column":8},"end":{"line":305,"column":9873}},"69":{"start":{"line":306,"column":12},"end":{"line":306,"column":18}},"70":{"start":{"line":309,"column":8},"end":{"line":309,"column":120}},"71":{"start":{"line":310,"column":8},"end":{"line":310,"column":43}},"72":{"start":{"line":313,"column":8},"end":{"line":313,"column":46}},"73":{"start":{"line":315,"column":8},"end":{"line":315,"column":46}},"74":{"start":{"line":316,"column":8},"end":{"line":316,"column":10291}},"75":{"start":{"line":317,"column":12},"end":{"line":317,"column":80}},"76":{"start":{"line":318,"column":12},"end":{"line":318,"column":51}},"77":{"start":{"line":321,"column":12},"end":{"line":321,"column":51}},"78":{"start":{"line":323,"column":12},"end":{"line":323,"column":99}},"79":{"start":{"line":324,"column":12},"end":{"line":324,"column":54}},"80":{"start":{"line":335,"column":8},"end":{"line":335,"column":88}},"81":{"start":{"line":336,"column":8},"end":{"line":336,"column":11084}},"82":{"start":{"line":339,"column":8},"end":{"line":339,"column":11166}},"83":{"start":{"line":343,"column":8},"end":{"line":343,"column":84}},"84":{"start":{"line":344,"column":8},"end":{"line":344,"column":17}},"85":{"start":{"line":346,"column":8},"end":{"line":346,"column":43}},"86":{"start":{"line":353,"column":8},"end":{"line":353,"column":40}},"87":{"start":{"line":354,"column":8},"end":{"line":354,"column":52}},"88":{"start":{"line":356,"column":8},"end":{"line":356,"column":82}},"89":{"start":{"line":358,"column":8},"end":{"line":358,"column":23}},"90":{"start":{"line":360,"column":8},"end":{"line":360,"column":109}},"91":{"start":{"line":362,"column":8},"end":{"line":362,"column":11916}},"92":{"start":{"line":366,"column":8},"end":{"line":366,"column":12017}},"93":{"start":{"line":368,"column":12},"end":{"line":368,"column":12091}},"94":{"start":{"line":379,"column":8},"end":{"line":379,"column":40}},"95":{"start":{"line":380,"column":8},"end":{"line":380,"column":52}},"96":{"start":{"line":382,"column":8},"end":{"line":382,"column":36}},"97":{"start":{"line":383,"column":8},"end":{"line":383,"column":27}},"98":{"start":{"line":384,"column":8},"end":{"line":384,"column":12638}},"99":{"start":{"line":385,"column":12},"end":{"line":385,"column":12708}},"100":{"start":{"line":393,"column":8},"end":{"line":393,"column":12894}},"101":{"start":{"line":397,"column":8},"end":{"line":397,"column":13038}},"102":{"start":{"line":398,"column":12},"end":{"line":398,"column":31}},"103":{"start":{"line":401,"column":8},"end":{"line":401,"column":13131}},"104":{"start":{"line":402,"column":12},"end":{"line":402,"column":13175}},"105":{"start":{"line":403,"column":16},"end":{"line":403,"column":61}},"106":{"start":{"line":405,"column":16},"end":{"line":405,"column":83}},"107":{"start":{"line":414,"column":8},"end":{"line":414,"column":48}},"108":{"start":{"line":416,"column":8},"end":{"line":416,"column":13644}},"109":{"start":{"line":417,"column":12},"end":{"line":417,"column":13715}},"110":{"start":{"line":426,"column":8},"end":{"line":426,"column":40}},"111":{"start":{"line":427,"column":8},"end":{"line":427,"column":52}},"112":{"start":{"line":429,"column":8},"end":{"line":429,"column":23}},"113":{"start":{"line":431,"column":8},"end":{"line":431,"column":133}},"114":{"start":{"line":433,"column":8},"end":{"line":433,"column":14264}},"115":{"start":{"line":435,"column":12},"end":{"line":435,"column":62}},"116":{"start":{"line":445,"column":8},"end":{"line":445,"column":78}},"117":{"start":{"line":446,"column":8},"end":{"line":446,"column":42}},"118":{"start":{"line":448,"column":8},"end":{"line":448,"column":14725}},"119":{"start":{"line":449,"column":12},"end":{"line":449,"column":85}},"120":{"start":{"line":457,"column":8},"end":{"line":457,"column":63}},"121":{"start":{"line":459,"column":8},"end":{"line":459,"column":15025}},"122":{"start":{"line":460,"column":12},"end":{"line":460,"column":46}},"123":{"start":{"line":462,"column":12},"end":{"line":462,"column":42}}},"branchMap":{"1":{"line":71,"type":"if","locations":[{"start":{"line":71,"column":8},"end":{"line":71,"column":8}},{"start":{"line":71,"column":8},"end":{"line":71,"column":8}}]},"2":{"line":76,"type":"if","locations":[{"start":{"line":76,"column":8},"end":{"line":76,"column":8}},{"start":{"line":76,"column":8},"end":{"line":76,"column":8}}]},"3":{"line":81,"type":"if","locations":[{"start":{"line":81,"column":8},"end":{"line":81,"column":8}},{"start":{"line":81,"column":8},"end":{"line":81,"column":8}}]},"4":{"line":90,"type":"if","locations":[{"start":{"line":90,"column":13},"end":{"line":90,"column":13}},{"start":{"line":90,"column":13},"end":{"line":90,"column":13}}]},"5":{"line":108,"type":"if","locations":[{"start":{"line":108,"column":13},"end":{"line":108,"column":13}},{"start":{"line":108,"column":13},"end":{"line":108,"column":13}}]},"6":{"line":108,"type":"if","locations":[{"start":{"line":108,"column":34},"end":{"line":108,"column":34}},{"start":{"line":108,"column":34},"end":{"line":108,"column":34}}]},"7":{"line":113,"type":"if","locations":[{"start":{"line":113,"column":67},"end":{"line":113,"column":67}},{"start":{"line":113,"column":67},"end":{"line":113,"column":67}}]},"8":{"line":117,"type":"if","locations":[{"start":{"line":117,"column":55},"end":{"line":117,"column":55}},{"start":{"line":117,"column":55},"end":{"line":117,"column":55}}]},"9":{"line":118,"type":"if","locations":[{"start":{"line":118,"column":8},"end":{"line":118,"column":8}},{"start":{"line":118,"column":8},"end":{"line":118,"column":8}}]},"10":{"line":122,"type":"if","locations":[{"start":{"line":122,"column":51},"end":{"line":122,"column":51}},{"start":{"line":122,"column":51},"end":{"line":122,"column":51}}]},"11":{"line":123,"type":"if","locations":[{"start":{"line":123,"column":8},"end":{"line":123,"column":8}},{"start":{"line":123,"column":8},"end":{"line":123,"column":8}}]},"12":{"line":134,"type":"if","locations":[{"start":{"line":134,"column":18},"end":{"line":134,"column":18}},{"start":{"line":134,"column":18},"end":{"line":134,"column":18}}]},"13":{"line":142,"type":"if","locations":[{"start":{"line":142,"column":18},"end":{"line":142,"column":18}},{"start":{"line":142,"column":18},"end":{"line":142,"column":18}}]},"14":{"line":149,"type":"if","locations":[{"start":{"line":149,"column":8},"end":{"line":149,"column":8}},{"start":{"line":149,"column":8},"end":{"line":149,"column":8}}]},"15":{"line":160,"type":"if","locations":[{"start":{"line":160,"column":37},"end":{"line":160,"column":37}},{"start":{"line":160,"column":37},"end":{"line":160,"column":37}}]},"16":{"line":161,"type":"if","locations":[{"start":{"line":161,"column":8},"end":{"line":161,"column":8}},{"start":{"line":161,"column":8},"end":{"line":161,"column":8}}]},"17":{"line":165,"type":"if","locations":[{"start":{"line":165,"column":33},"end":{"line":165,"column":33}},{"start":{"line":165,"column":33},"end":{"line":165,"column":33}}]},"18":{"line":166,"type":"if","locations":[{"start":{"line":166,"column":8},"end":{"line":166,"column":8}},{"start":{"line":166,"column":8},"end":{"line":166,"column":8}}]},"19":{"line":170,"type":"if","locations":[{"start":{"line":170,"column":38},"end":{"line":170,"column":38}},{"start":{"line":170,"column":38},"end":{"line":170,"column":38}}]},"20":{"line":171,"type":"if","locations":[{"start":{"line":171,"column":8},"end":{"line":171,"column":8}},{"start":{"line":171,"column":8},"end":{"line":171,"column":8}}]},"21":{"line":175,"type":"if","locations":[{"start":{"line":175,"column":35},"end":{"line":175,"column":35}},{"start":{"line":175,"column":35},"end":{"line":175,"column":35}}]},"22":{"line":176,"type":"if","locations":[{"start":{"line":176,"column":8},"end":{"line":176,"column":8}},{"start":{"line":176,"column":8},"end":{"line":176,"column":8}}]},"23":{"line":180,"type":"if","locations":[{"start":{"line":180,"column":77},"end":{"line":180,"column":77}},{"start":{"line":180,"column":77},"end":{"line":180,"column":77}}]},"24":{"line":182,"type":"if","locations":[{"start":{"line":182,"column":58},"end":{"line":182,"column":58}},{"start":{"line":182,"column":58},"end":{"line":182,"column":58}}]},"25":{"line":190,"type":"if","locations":[{"start":{"line":190,"column":13},"end":{"line":190,"column":13}},{"start":{"line":190,"column":13},"end":{"line":190,"column":13}}]},"26":{"line":190,"type":"if","locations":[{"start":{"line":190,"column":34},"end":{"line":190,"column":34}},{"start":{"line":190,"column":34},"end":{"line":190,"column":34}}]},"27":{"line":191,"type":"if","locations":[{"start":{"line":191,"column":8},"end":{"line":191,"column":8}},{"start":{"line":191,"column":8},"end":{"line":191,"column":8}}]},"28":{"line":193,"type":"if","locations":[{"start":{"line":193,"column":8},"end":{"line":193,"column":8}},{"start":{"line":193,"column":8},"end":{"line":193,"column":8}}]},"29":{"line":204,"type":"if","locations":[{"start":{"line":204,"column":18},"end":{"line":204,"column":18}},{"start":{"line":204,"column":18},"end":{"line":204,"column":18}}]},"30":{"line":220,"type":"if","locations":[{"start":{"line":220,"column":13},"end":{"line":220,"column":13}},{"start":{"line":220,"column":13},"end":{"line":220,"column":13}}]},"31":{"line":221,"type":"if","locations":[{"start":{"line":221,"column":8},"end":{"line":221,"column":8}},{"start":{"line":221,"column":8},"end":{"line":221,"column":8}}]},"32":{"line":222,"type":"if","locations":[{"start":{"line":222,"column":12},"end":{"line":222,"column":12}},{"start":{"line":222,"column":12},"end":{"line":222,"column":12}}]},"33":{"line":224,"type":"if","locations":[{"start":{"line":224,"column":12},"end":{"line":224,"column":12}},{"start":{"line":224,"column":12},"end":{"line":224,"column":12}}]},"34":{"line":227,"type":"if","locations":[{"start":{"line":227,"column":56},"end":{"line":227,"column":67}},{"start":{"line":227,"column":71},"end":{"line":227,"column":80}}]},"35":{"line":243,"type":"if","locations":[{"start":{"line":243,"column":8},"end":{"line":243,"column":8}},{"start":{"line":243,"column":8},"end":{"line":243,"column":8}}]},"36":{"line":246,"type":"if","locations":[{"start":{"line":246,"column":8},"end":{"line":246,"column":8}},{"start":{"line":246,"column":8},"end":{"line":246,"column":8}}]},"37":{"line":254,"type":"if","locations":[{"start":{"line":254,"column":13},"end":{"line":254,"column":13}},{"start":{"line":254,"column":13},"end":{"line":254,"column":13}}]},"38":{"line":255,"type":"if","locations":[{"start":{"line":255,"column":8},"end":{"line":255,"column":8}},{"start":{"line":255,"column":8},"end":{"line":255,"column":8}}]},"39":{"line":257,"type":"if","locations":[{"start":{"line":257,"column":8},"end":{"line":257,"column":8}},{"start":{"line":257,"column":8},"end":{"line":257,"column":8}}]},"40":{"line":258,"type":"if","locations":[{"start":{"line":258,"column":8},"end":{"line":258,"column":8}},{"start":{"line":258,"column":8},"end":{"line":258,"column":8}}]},"41":{"line":268,"type":"if","locations":[{"start":{"line":268,"column":15},"end":{"line":268,"column":15}},{"start":{"line":268,"column":15},"end":{"line":268,"column":15}}]},"42":{"line":273,"type":"if","locations":[{"start":{"line":273,"column":8},"end":{"line":273,"column":8}},{"start":{"line":273,"column":8},"end":{"line":273,"column":8}}]},"43":{"line":275,"type":"if","locations":[{"start":{"line":275,"column":12},"end":{"line":275,"column":12}},{"start":{"line":275,"column":12},"end":{"line":275,"column":12}}]},"44":{"line":278,"type":"if","locations":[{"start":{"line":278,"column":12},"end":{"line":278,"column":12}},{"start":{"line":278,"column":12},"end":{"line":278,"column":12}}]},"45":{"line":280,"type":"if","locations":[{"start":{"line":280,"column":12},"end":{"line":280,"column":12}},{"start":{"line":280,"column":12},"end":{"line":280,"column":12}}]},"46":{"line":282,"type":"if","locations":[{"start":{"line":282,"column":16},"end":{"line":282,"column":16}},{"start":{"line":282,"column":16},"end":{"line":282,"column":16}}]},"47":{"line":287,"type":"if","locations":[{"start":{"line":287,"column":8},"end":{"line":287,"column":8}},{"start":{"line":287,"column":8},"end":{"line":287,"column":8}}]},"48":{"line":289,"type":"if","locations":[{"start":{"line":289,"column":12},"end":{"line":289,"column":12}},{"start":{"line":289,"column":12},"end":{"line":289,"column":12}}]},"49":{"line":294,"type":"if","locations":[{"start":{"line":294,"column":8},"end":{"line":294,"column":8}},{"start":{"line":294,"column":8},"end":{"line":294,"column":8}}]},"50":{"line":298,"type":"if","locations":[{"start":{"line":298,"column":8},"end":{"line":298,"column":8}},{"start":{"line":298,"column":8},"end":{"line":298,"column":8}}]},"51":{"line":302,"type":"if","locations":[{"start":{"line":302,"column":47},"end":{"line":302,"column":47}},{"start":{"line":302,"column":47},"end":{"line":302,"column":47}}]},"52":{"line":305,"type":"if","locations":[{"start":{"line":305,"column":8},"end":{"line":305,"column":8}},{"start":{"line":305,"column":8},"end":{"line":305,"column":8}}]},"53":{"line":310,"type":"if","locations":[{"start":{"line":310,"column":8},"end":{"line":310,"column":8}},{"start":{"line":310,"column":8},"end":{"line":310,"column":8}}]},"54":{"line":313,"type":"if","locations":[{"start":{"line":313,"column":8},"end":{"line":313,"column":8}},{"start":{"line":313,"column":8},"end":{"line":313,"column":8}}]},"55":{"line":316,"type":"if","locations":[{"start":{"line":316,"column":8},"end":{"line":316,"column":8}},{"start":{"line":316,"column":8},"end":{"line":316,"column":8}}]},"56":{"line":318,"type":"if","locations":[{"start":{"line":318,"column":12},"end":{"line":318,"column":12}},{"start":{"line":318,"column":12},"end":{"line":318,"column":12}}]},"57":{"line":321,"type":"if","locations":[{"start":{"line":321,"column":12},"end":{"line":321,"column":12}},{"start":{"line":321,"column":12},"end":{"line":321,"column":12}}]},"58":{"line":324,"type":"if","locations":[{"start":{"line":324,"column":12},"end":{"line":324,"column":12}},{"start":{"line":324,"column":12},"end":{"line":324,"column":12}}]},"59":{"line":335,"type":"if","locations":[{"start":{"line":335,"column":8},"end":{"line":335,"column":8}},{"start":{"line":335,"column":8},"end":{"line":335,"column":8}}]},"60":{"line":336,"type":"if","locations":[{"start":{"line":336,"column":8},"end":{"line":336,"column":8}},{"start":{"line":336,"column":8},"end":{"line":336,"column":8}}]},"61":{"line":339,"type":"if","locations":[{"start":{"line":339,"column":8},"end":{"line":339,"column":8}},{"start":{"line":339,"column":8},"end":{"line":339,"column":8}}]},"62":{"line":343,"type":"if","locations":[{"start":{"line":343,"column":8},"end":{"line":343,"column":8}},{"start":{"line":343,"column":8},"end":{"line":343,"column":8}}]},"63":{"line":346,"type":"if","locations":[{"start":{"line":346,"column":8},"end":{"line":346,"column":8}},{"start":{"line":346,"column":8},"end":{"line":346,"column":8}}]},"64":{"line":352,"type":"if","locations":[{"start":{"line":352,"column":13},"end":{"line":352,"column":13}},{"start":{"line":352,"column":13},"end":{"line":352,"column":13}}]},"65":{"line":356,"type":"if","locations":[{"start":{"line":356,"column":8},"end":{"line":356,"column":8}},{"start":{"line":356,"column":8},"end":{"line":356,"column":8}}]},"66":{"line":362,"type":"if","locations":[{"start":{"line":362,"column":8},"end":{"line":362,"column":8}},{"start":{"line":362,"column":8},"end":{"line":362,"column":8}}]},"67":{"line":366,"type":"if","locations":[{"start":{"line":366,"column":8},"end":{"line":366,"column":8}},{"start":{"line":366,"column":8},"end":{"line":366,"column":8}}]},"68":{"line":378,"type":"if","locations":[{"start":{"line":378,"column":43},"end":{"line":378,"column":43}},{"start":{"line":378,"column":43},"end":{"line":378,"column":43}}]},"69":{"line":378,"type":"if","locations":[{"start":{"line":378,"column":58},"end":{"line":378,"column":58}},{"start":{"line":378,"column":58},"end":{"line":378,"column":58}}]},"70":{"line":385,"type":"if","locations":[{"start":{"line":385,"column":12},"end":{"line":385,"column":12}},{"start":{"line":385,"column":12},"end":{"line":385,"column":12}}]},"71":{"line":401,"type":"if","locations":[{"start":{"line":401,"column":8},"end":{"line":401,"column":8}},{"start":{"line":401,"column":8},"end":{"line":401,"column":8}}]},"72":{"line":402,"type":"if","locations":[{"start":{"line":402,"column":12},"end":{"line":402,"column":12}},{"start":{"line":402,"column":12},"end":{"line":402,"column":12}}]},"73":{"line":413,"type":"if","locations":[{"start":{"line":413,"column":18},"end":{"line":413,"column":18}},{"start":{"line":413,"column":18},"end":{"line":413,"column":18}}]},"74":{"line":417,"type":"if","locations":[{"start":{"line":417,"column":12},"end":{"line":417,"column":12}},{"start":{"line":417,"column":12},"end":{"line":417,"column":12}}]},"75":{"line":425,"type":"if","locations":[{"start":{"line":425,"column":40},"end":{"line":425,"column":40}},{"start":{"line":425,"column":40},"end":{"line":425,"column":40}}]},"76":{"line":425,"type":"if","locations":[{"start":{"line":425,"column":55},"end":{"line":425,"column":55}},{"start":{"line":425,"column":55},"end":{"line":425,"column":55}}]},"77":{"line":433,"type":"if","locations":[{"start":{"line":433,"column":8},"end":{"line":433,"column":8}},{"start":{"line":433,"column":8},"end":{"line":433,"column":8}}]},"78":{"line":446,"type":"if","locations":[{"start":{"line":446,"column":8},"end":{"line":446,"column":8}},{"start":{"line":446,"column":8},"end":{"line":446,"column":8}}]},"79":{"line":448,"type":"if","locations":[{"start":{"line":448,"column":8},"end":{"line":448,"column":8}},{"start":{"line":448,"column":8},"end":{"line":448,"column":8}}]},"80":{"line":449,"type":"if","locations":[{"start":{"line":449,"column":12},"end":{"line":449,"column":12}},{"start":{"line":449,"column":12},"end":{"line":449,"column":12}}]},"81":{"line":459,"type":"if","locations":[{"start":{"line":459,"column":8},"end":{"line":459,"column":8}},{"start":{"line":459,"column":8},"end":{"line":459,"column":8}}]}}},
"contracts/MetaNodeToken.sol":{"l":{"11":7},"path":"/home/ubuntu/web3-tasks/advanced2-contract-dev/task2/metanode-stake/contracts/MetaNodeToken.sol","s":{"1":7},"b":{},"f":{"1":7},"fnMap":{"1":{"name":"constructor","line":10,"loc":{"start":{"line":10,"column":4},"end":{"line":12,"column":4}}}},"statementMap":{"1":{"start":{"line":11,"column":8},"end":{"line":11,"column":38}}},"branchMap":{}}}
