TN:
SF:/home/ubuntu/web3-tasks/advanced2-contract-dev/task2/metanode-stake/contracts/MetaNodeStake.sol
FN:70,checkPid
FN:75,whenNotWithdrawPaused
FN:80,whenNotClaimPaused
FN:90,initialize
FN:108,updatePool
FN:113,setMetaNodePerBlock
FN:117,setStartBlock
FN:122,setEndBlock
FN:127,poolLength
FN:134,pendingMetaNode
FN:142,pendingMetaNodeByBlockNumber
FN:160,pausedWithdraw
FN:165,pauseClaim
FN:170,unpauseWithdraw
FN:175,unpauseClaim
FN:180,_authorizeUpgrade
FN:182,setMetaNode
FN:190,setPoolWeight
FN:204,stakingBalance
FN:208,massUpdatePools
FN:220,addPool
FN:241,depositETH
FN:254,deposit
FN:268,_deposit
FN:302,updatePool
FN:331,getMultiplier
FN:352,unstake
FN:378,withdraw
FN:413,withdrawAmount
FN:425,claim
FN:441,_safeETHTransfer
FN:453,_safeMetaNodeTransfer
FNF:32
FNH:11
FNDA:5,checkPid
FNDA:0,whenNotWithdrawPaused
FNDA:0,whenNotClaimPaused
FNDA:7,initialize
FNDA:0,updatePool
FNDA:0,setMetaNodePerBlock
FNDA:0,setStartBlock
FNDA:0,setEndBlock
FNDA:3,poolLength
FNDA:1,pendingMetaNode
FNDA:1,pendingMetaNodeByBlockNumber
FNDA:0,pausedWithdraw
FNDA:0,pauseClaim
FNDA:0,unpauseWithdraw
FNDA:0,unpauseClaim
FNDA:0,_authorizeUpgrade
FNDA:7,setMetaNode
FNDA:0,setPoolWeight
FNDA:1,stakingBalance
FNDA:0,massUpdatePools
FNDA:8,addPool
FNDA:1,depositETH
FNDA:0,deposit
FNDA:1,_deposit
FNDA:1,updatePool
FNDA:0,getMultiplier
FNDA:0,unstake
FNDA:0,withdraw
FNDA:0,withdrawAmount
FNDA:0,claim
FNDA:0,_safeETHTransfer
FNDA:0,_safeMetaNodeTransfer
DA:71,5
DA:72,5
DA:76,0
DA:77,0
DA:81,0
DA:82,0
DA:91,7
DA:92,7
DA:93,7
DA:94,7
DA:95,7
DA:97,7
DA:99,7
DA:100,7
DA:101,7
DA:109,0
DA:110,0
DA:114,0
DA:118,0
DA:119,0
DA:123,0
DA:124,0
DA:128,3
DA:135,1
DA:143,1
DA:144,1
DA:146,1
DA:147,1
DA:149,1
DA:150,0
DA:152,0
DA:154,0
DA:157,1
DA:161,0
DA:162,0
DA:166,0
DA:167,0
DA:171,0
DA:172,0
DA:176,0
DA:177,0
DA:183,7
DA:191,0
DA:193,0
DA:194,0
DA:197,0
DA:198,0
DA:205,1
DA:209,0
DA:210,0
DA:211,0
DA:221,8
DA:222,1
DA:224,7
DA:227,8
DA:228,8
DA:230,8
DA:242,1
DA:243,1
DA:245,1
DA:246,1
DA:248,1
DA:255,0
DA:256,0
DA:257,0
DA:258,0
DA:259,0
DA:262,0
DA:269,1
DA:270,1
DA:272,1
DA:273,1
DA:274,0
DA:275,0
DA:277,0
DA:278,0
DA:280,0
DA:281,0
DA:282,0
DA:283,0
DA:287,1
DA:288,1
DA:289,1
DA:290,1
DA:293,1
DA:294,1
DA:295,1
DA:297,1
DA:298,1
DA:299,1
DA:303,1
DA:305,1
DA:306,1
DA:309,0
DA:310,0
DA:312,0
DA:313,0
DA:315,0
DA:316,0
DA:317,0
DA:318,0
DA:320,0
DA:321,0
DA:323,0
DA:324,0
DA:325,0
DA:328,0
DA:335,0
DA:336,0
DA:337,0
DA:339,0
DA:340,0
DA:343,0
DA:344,0
DA:345,0
DA:346,0
DA:353,0
DA:354,0
DA:356,0
DA:358,0
DA:360,0
DA:362,0
DA:363,0
DA:366,0
DA:367,0
DA:368,0
DA:374,0
DA:375,0
DA:379,0
DA:380,0
DA:382,0
DA:383,0
DA:384,0
DA:385,0
DA:386,0
DA:389,0
DA:390,0
DA:393,0
DA:394,0
DA:397,0
DA:398,0
DA:401,0
DA:402,0
DA:403,0
DA:405,0
DA:414,0
DA:416,0
DA:417,0
DA:418,0
DA:421,0
DA:426,0
DA:427,0
DA:429,0
DA:431,0
DA:433,0
DA:434,0
DA:435,0
DA:438,0
DA:445,0
DA:446,0
DA:448,0
DA:449,0
DA:457,0
DA:459,0
DA:460,0
DA:462,0
LF:166
LH:49
BRDA:71,1,0,5
BRDA:71,1,1,0
BRDA:76,2,0,0
BRDA:76,2,1,0
BRDA:81,3,0,0
BRDA:81,3,1,0
BRDA:90,4,0,7
BRDA:90,4,1,0
BRDA:108,5,0,0
BRDA:108,5,1,0
BRDA:108,6,0,0
BRDA:108,6,1,0
BRDA:113,7,0,0
BRDA:113,7,1,0
BRDA:117,8,0,0
BRDA:117,8,1,0
BRDA:118,9,0,0
BRDA:118,9,1,0
BRDA:122,10,0,0
BRDA:122,10,1,0
BRDA:123,11,0,0
BRDA:123,11,1,0
BRDA:134,12,0,1
BRDA:134,12,1,0
BRDA:142,13,0,1
BRDA:142,13,1,0
BRDA:149,14,0,0
BRDA:149,14,1,1
BRDA:160,15,0,0
BRDA:160,15,1,0
BRDA:161,16,0,0
BRDA:161,16,1,0
BRDA:165,17,0,0
BRDA:165,17,1,0
BRDA:166,18,0,0
BRDA:166,18,1,0
BRDA:170,19,0,0
BRDA:170,19,1,0
BRDA:171,20,0,0
BRDA:171,20,1,0
BRDA:175,21,0,0
BRDA:175,21,1,0
BRDA:176,22,0,0
BRDA:176,22,1,0
BRDA:180,23,0,0
BRDA:180,23,1,0
BRDA:182,24,0,7
BRDA:182,24,1,0
BRDA:190,25,0,0
BRDA:190,25,1,0
BRDA:190,26,0,0
BRDA:190,26,1,0
BRDA:191,27,0,0
BRDA:191,27,1,0
BRDA:193,28,0,0
BRDA:193,28,1,0
BRDA:204,29,0,1
BRDA:204,29,1,0
BRDA:220,30,0,8
BRDA:220,30,1,1
BRDA:221,31,0,1
BRDA:221,31,1,7
BRDA:222,32,0,1
BRDA:222,32,1,0
BRDA:224,33,0,7
BRDA:224,33,1,0
BRDA:227,34,0,0
BRDA:227,34,1,8
BRDA:243,35,0,1
BRDA:243,35,1,0
BRDA:246,36,0,1
BRDA:246,36,1,0
BRDA:254,37,0,0
BRDA:254,37,1,0
BRDA:255,38,0,0
BRDA:255,38,1,0
BRDA:257,39,0,0
BRDA:257,39,1,0
BRDA:258,40,0,0
BRDA:258,40,1,0
BRDA:268,41,0,1
BRDA:268,41,1,0
BRDA:273,42,0,0
BRDA:273,42,1,1
BRDA:275,43,0,0
BRDA:275,43,1,0
BRDA:278,44,0,0
BRDA:278,44,1,0
BRDA:280,45,0,0
BRDA:280,45,1,0
BRDA:282,46,0,0
BRDA:282,46,1,0
BRDA:287,47,0,1
BRDA:287,47,1,0
BRDA:289,48,0,1
BRDA:289,48,1,0
BRDA:294,49,0,1
BRDA:294,49,1,0
BRDA:298,50,0,1
BRDA:298,50,1,0
BRDA:302,51,0,1
BRDA:302,51,1,0
BRDA:305,52,0,1
BRDA:305,52,1,0
BRDA:310,53,0,0
BRDA:310,53,1,0
BRDA:313,54,0,0
BRDA:313,54,1,0
BRDA:316,55,0,0
BRDA:316,55,1,0
BRDA:318,56,0,0
BRDA:318,56,1,0
BRDA:321,57,0,0
BRDA:321,57,1,0
BRDA:324,58,0,0
BRDA:324,58,1,0
BRDA:335,59,0,0
BRDA:335,59,1,0
BRDA:336,60,0,0
BRDA:336,60,1,0
BRDA:339,61,0,0
BRDA:339,61,1,0
BRDA:343,62,0,0
BRDA:343,62,1,0
BRDA:346,63,0,0
BRDA:346,63,1,0
BRDA:352,64,0,0
BRDA:352,64,1,0
BRDA:356,65,0,0
BRDA:356,65,1,0
BRDA:362,66,0,0
BRDA:362,66,1,0
BRDA:366,67,0,0
BRDA:366,67,1,0
BRDA:378,68,0,0
BRDA:378,68,1,0
BRDA:378,69,0,0
BRDA:378,69,1,0
BRDA:385,70,0,0
BRDA:385,70,1,0
BRDA:401,71,0,0
BRDA:401,71,1,0
BRDA:402,72,0,0
BRDA:402,72,1,0
BRDA:413,73,0,0
BRDA:413,73,1,0
BRDA:417,74,0,0
BRDA:417,74,1,0
BRDA:425,75,0,0
BRDA:425,75,1,0
BRDA:425,76,0,0
BRDA:425,76,1,0
BRDA:433,77,0,0
BRDA:433,77,1,0
BRDA:446,78,0,0
BRDA:446,78,1,0
BRDA:448,79,0,0
BRDA:448,79,1,0
BRDA:449,80,0,0
BRDA:449,80,1,0
BRDA:459,81,0,0
BRDA:459,81,1,0
BRF:162
BRH:24
end_of_record
TN:
SF:/home/ubuntu/web3-tasks/advanced2-contract-dev/task2/metanode-stake/contracts/MetaNodeToken.sol
FN:10,constructor
FNF:1
FNH:1
FNDA:7,constructor
DA:11,7
LF:1
LH:1
BRF:0
BRH:0
end_of_record
