{
"contracts/LiquidityPool.sol":{"l":{"23":6,"24":6,"28":5,"30":5,"31":5,"33":5,"35":5,"37":0,"38":0,"39":0,"42":5,"43":5,"45":5,"46":5,"47":5,"48":5,"50":5,"54":1,"56":1,"57":1,"59":1,"60":1,"61":1,"62":1,"64":1,"65":1,"66":1,"68":1,"73":1,"74":1,"76":1,"78":1,"79":1,"81":1,"83":1,"84":1,"86":1,"87":1,"89":1,"94":1,"95":1,"98":1,"99":1,"101":1,"103":1,"104":1,"106":1,"107":1,"109":1,"111":1,"115":2,"117":2,"118":0,"121":2,"122":1,"123":1,"125":1,"126":1,"131":2,"135":1,"139":1},"path":"/home/ubuntu/web3-tasks/advanced2-contract-dev/task1/meme-experience/contracts/LiquidityPool.sol","s":{"1":5,"2":5,"3":5,"4":5,"5":0,"6":0,"7":5,"8":5,"9":5,"10":1,"11":1,"12":1,"13":1,"14":1,"15":1,"16":1,"17":1,"18":1,"19":1,"20":1,"21":1,"22":1,"23":1,"24":1,"25":1,"26":1,"27":1,"28":1,"29":1,"30":1,"31":1,"32":1,"33":1,"34":1,"35":2,"36":2,"37":0,"38":2,"39":1,"40":1,"41":2,"42":1,"43":1},"b":{"1":[5,0],"2":[5,0],"3":[0,0],"4":[5,0],"5":[1,0],"6":[1,0],"7":[1,0],"8":[1,0],"9":[1,0],"10":[1,0],"11":[1,0],"12":[2,0],"13":[0,2],"14":[0,0],"15":[1,1]},"f":{"1":6,"2":5,"3":1,"4":1,"5":1,"6":2,"7":2,"8":1,"9":1},"fnMap":{"1":{"name":"constructor","line":22,"loc":{"start":{"line":22,"column":4},"end":{"line":25,"column":4}}},"2":{"name":"addLiquidity","line":27,"loc":{"start":{"line":27,"column":4},"end":{"line":51,"column":4}}},"3":{"name":"removeLiquidity","line":53,"loc":{"start":{"line":53,"column":4},"end":{"line":69,"column":4}}},"4":{"name":"swapETHForToken","line":72,"loc":{"start":{"line":72,"column":4},"end":{"line":90,"column":4}}},"5":{"name":"swapTokenForETH","line":93,"loc":{"start":{"line":93,"column":4},"end":{"line":112,"column":4}}},"6":{"name":"getSwapPrice","line":114,"loc":{"start":{"line":114,"column":4},"end":{"line":128,"column":4}}},"7":{"name":"getPoolInfo","line":130,"loc":{"start":{"line":130,"column":4},"end":{"line":132,"column":4}}},"8":{"name":"getMemeToken","line":134,"loc":{"start":{"line":134,"column":4},"end":{"line":136,"column":4}}},"9":{"name":"getOwner","line":138,"loc":{"start":{"line":138,"column":4},"end":{"line":140,"column":4}}}},"statementMap":{"1":{"start":{"line":28,"column":8},"end":{"line":28,"column":67}},"2":{"start":{"line":30,"column":8},"end":{"line":30,"column":22}},"3":{"start":{"line":31,"column":8},"end":{"line":31,"column":34}},"4":{"start":{"line":33,"column":8},"end":{"line":33,"column":1204}},"5":{"start":{"line":37,"column":12},"end":{"line":37,"column":71}},"6":{"start":{"line":38,"column":12},"end":{"line":38,"column":77}},"7":{"start":{"line":42,"column":8},"end":{"line":42,"column":40}},"8":{"start":{"line":43,"column":8},"end":{"line":43,"column":98}},"9":{"start":{"line":50,"column":8},"end":{"line":50,"column":69}},"10":{"start":{"line":54,"column":8},"end":{"line":54,"column":86}},"11":{"start":{"line":56,"column":8},"end":{"line":56,"column":64}},"12":{"start":{"line":57,"column":8},"end":{"line":57,"column":68}},"13":{"start":{"line":64,"column":8},"end":{"line":64,"column":46}},"14":{"start":{"line":65,"column":8},"end":{"line":65,"column":40}},"15":{"start":{"line":66,"column":8},"end":{"line":66,"column":45}},"16":{"start":{"line":68,"column":8},"end":{"line":68,"column":72}},"17":{"start":{"line":73,"column":8},"end":{"line":73,"column":51}},"18":{"start":{"line":74,"column":8},"end":{"line":74,"column":78}},"19":{"start":{"line":76,"column":8},"end":{"line":76,"column":33}},"20":{"start":{"line":78,"column":8},"end":{"line":78,"column":51}},"21":{"start":{"line":79,"column":8},"end":{"line":79,"column":88}},"22":{"start":{"line":81,"column":8},"end":{"line":81,"column":72}},"23":{"start":{"line":86,"column":8},"end":{"line":86,"column":40}},"24":{"start":{"line":87,"column":8},"end":{"line":87,"column":42}},"25":{"start":{"line":89,"column":8},"end":{"line":89,"column":52}},"26":{"start":{"line":94,"column":8},"end":{"line":94,"column":51}},"27":{"start":{"line":95,"column":8},"end":{"line":95,"column":68}},"28":{"start":{"line":98,"column":8},"end":{"line":98,"column":55}},"29":{"start":{"line":99,"column":8},"end":{"line":99,"column":90}},"30":{"start":{"line":101,"column":8},"end":{"line":101,"column":66}},"31":{"start":{"line":103,"column":8},"end":{"line":103,"column":40}},"32":{"start":{"line":104,"column":8},"end":{"line":104,"column":60}},"33":{"start":{"line":109,"column":8},"end":{"line":109,"column":43}},"34":{"start":{"line":111,"column":8},"end":{"line":111,"column":52}},"35":{"start":{"line":115,"column":8},"end":{"line":115,"column":46}},"36":{"start":{"line":117,"column":8},"end":{"line":117,"column":4177}},"37":{"start":{"line":118,"column":12},"end":{"line":118,"column":20}},"38":{"start":{"line":121,"column":8},"end":{"line":121,"column":4264}},"39":{"start":{"line":122,"column":12},"end":{"line":122,"column":58}},"40":{"start":{"line":125,"column":12},"end":{"line":125,"column":60}},"41":{"start":{"line":131,"column":8},"end":{"line":131,"column":57}},"42":{"start":{"line":135,"column":8},"end":{"line":135,"column":25}},"43":{"start":{"line":139,"column":8},"end":{"line":139,"column":21}}},"branchMap":{"1":{"line":28,"type":"if","locations":[{"start":{"line":28,"column":8},"end":{"line":28,"column":8}},{"start":{"line":28,"column":8},"end":{"line":28,"column":8}}]},"2":{"line":33,"type":"if","locations":[{"start":{"line":33,"column":8},"end":{"line":33,"column":8}},{"start":{"line":33,"column":8},"end":{"line":33,"column":8}}]},"3":{"line":39,"type":"if","locations":[{"start":{"line":39,"column":45},"end":{"line":39,"column":52}},{"start":{"line":39,"column":56},"end":{"line":39,"column":65}}]},"4":{"line":43,"type":"if","locations":[{"start":{"line":43,"column":8},"end":{"line":43,"column":8}},{"start":{"line":43,"column":8},"end":{"line":43,"column":8}}]},"5":{"line":54,"type":"if","locations":[{"start":{"line":54,"column":8},"end":{"line":54,"column":8}},{"start":{"line":54,"column":8},"end":{"line":54,"column":8}}]},"6":{"line":73,"type":"if","locations":[{"start":{"line":73,"column":8},"end":{"line":73,"column":8}},{"start":{"line":73,"column":8},"end":{"line":73,"column":8}}]},"7":{"line":74,"type":"if","locations":[{"start":{"line":74,"column":8},"end":{"line":74,"column":8}},{"start":{"line":74,"column":8},"end":{"line":74,"column":8}}]},"8":{"line":81,"type":"if","locations":[{"start":{"line":81,"column":8},"end":{"line":81,"column":8}},{"start":{"line":81,"column":8},"end":{"line":81,"column":8}}]},"9":{"line":94,"type":"if","locations":[{"start":{"line":94,"column":8},"end":{"line":94,"column":8}},{"start":{"line":94,"column":8},"end":{"line":94,"column":8}}]},"10":{"line":95,"type":"if","locations":[{"start":{"line":95,"column":8},"end":{"line":95,"column":8}},{"start":{"line":95,"column":8},"end":{"line":95,"column":8}}]},"11":{"line":101,"type":"if","locations":[{"start":{"line":101,"column":8},"end":{"line":101,"column":8}},{"start":{"line":101,"column":8},"end":{"line":101,"column":8}}]},"12":{"line":115,"type":"if","locations":[{"start":{"line":115,"column":8},"end":{"line":115,"column":8}},{"start":{"line":115,"column":8},"end":{"line":115,"column":8}}]},"13":{"line":117,"type":"if","locations":[{"start":{"line":117,"column":8},"end":{"line":117,"column":8}},{"start":{"line":117,"column":8},"end":{"line":117,"column":8}}]},"14":{"line":117,"type":"cond-expr","locations":[{"start":{"line":117,"column":12},"end":{"line":117,"column":27}},{"start":{"line":117,"column":32},"end":{"line":117,"column":49}}]},"15":{"line":121,"type":"if","locations":[{"start":{"line":121,"column":8},"end":{"line":121,"column":8}},{"start":{"line":121,"column":8},"end":{"line":121,"column":8}}]}}},
"contracts/Meme.sol":{"l":{"40":12,"41":12,"42":12,"43":12,"44":12,"45":12,"47":12,"48":12,"52":4,"53":4,"54":4,"55":4,"56":4,"58":4,"59":4,"61":4,"62":4,"63":4,"64":4,"68":7,"69":7,"70":7,"71":7,"72":7,"76":7,"77":7,"78":7,"80":7,"81":7,"83":7,"84":7,"85":7,"88":7,"89":7,"92":7,"94":7,"95":7,"96":7,"97":7,"98":7,"102":1,"103":1,"104":1,"108":1,"109":1,"110":1,"114":22,"119":11,"120":11,"123":11,"124":10,"125":10,"126":10,"130":11,"131":11,"137":0,"138":0,"142":11,"143":0,"146":11,"147":11,"149":11,"150":11,"152":11,"153":11,"157":1,"158":1,"159":1,"161":1,"162":1,"163":1,"164":1,"168":1,"169":1,"170":1,"172":1,"173":1,"174":1,"175":1,"179":7,"183":1,"187":4,"191":2},"path":"/home/ubuntu/web3-tasks/advanced2-contract-dev/task1/meme-experience/contracts/Meme.sol","s":{"1":4,"2":4,"3":4,"4":4,"5":4,"6":4,"7":4,"8":4,"9":4,"10":7,"11":7,"12":7,"13":7,"14":7,"15":7,"16":7,"17":7,"18":7,"19":7,"20":7,"21":7,"22":7,"23":7,"24":7,"25":1,"26":1,"27":1,"28":1,"29":22,"30":11,"31":11,"32":11,"33":0,"34":11,"35":0,"36":11,"37":11,"38":11,"39":11,"40":11,"41":11,"42":1,"43":1,"44":1,"45":1,"46":1,"47":1,"48":1,"49":1,"50":1,"51":1,"52":7,"53":1,"54":4,"55":2},"b":{"1":[4,0],"2":[4,0],"3":[4,0],"4":[7,0],"5":[7,0],"6":[7,0],"7":[7,0],"8":[7,0],"9":[7,0],"10":[7,0],"11":[1,0],"12":[1,0],"13":[10,1],"14":[0,0],"15":[0,11],"16":[10,1],"17":[10,1],"18":[11,0],"19":[11,0],"20":[1,0],"21":[1,0],"22":[1,0],"23":[1,0],"24":[1,0],"25":[1,0]},"f":{"1":12,"2":4,"3":7,"4":7,"5":1,"6":1,"7":22,"8":11,"9":0,"10":11,"11":1,"12":1,"13":7,"14":1,"15":4,"16":2},"fnMap":{"1":{"name":"constructor","line":34,"loc":{"start":{"line":34,"column":4},"end":{"line":49,"column":4}}},"2":{"name":"transfer","line":51,"loc":{"start":{"line":51,"column":4},"end":{"line":65,"column":4}}},"3":{"name":"approve","line":67,"loc":{"start":{"line":67,"column":4},"end":{"line":73,"column":4}}},"4":{"name":"transferFrom","line":75,"loc":{"start":{"line":75,"column":4},"end":{"line":99,"column":4}}},"5":{"name":"addExcludedFromFees","line":101,"loc":{"start":{"line":101,"column":4},"end":{"line":105,"column":4}}},"6":{"name":"removeExcludedFromFees","line":107,"loc":{"start":{"line":107,"column":4},"end":{"line":111,"column":4}}},"7":{"name":"getCurrentDate","line":113,"loc":{"start":{"line":113,"column":4},"end":{"line":115,"column":4}}},"8":{"name":"_checkAndUpdateRecords","line":118,"loc":{"start":{"line":118,"column":4},"end":{"line":132,"column":4}}},"9":{"name":"setExemption","line":136,"loc":{"start":{"line":136,"column":4},"end":{"line":139,"column":4}}},"10":{"name":"_validateTransactionLimits","line":141,"loc":{"start":{"line":141,"column":4},"end":{"line":154,"column":4}}},"11":{"name":"mint","line":156,"loc":{"start":{"line":156,"column":4},"end":{"line":165,"column":4}}},"12":{"name":"burn","line":167,"loc":{"start":{"line":167,"column":4},"end":{"line":176,"column":4}}},"13":{"name":"balanceOf","line":178,"loc":{"start":{"line":178,"column":4},"end":{"line":180,"column":4}}},"14":{"name":"allowance","line":182,"loc":{"start":{"line":182,"column":4},"end":{"line":184,"column":4}}},"15":{"name":"getTotalSupply","line":186,"loc":{"start":{"line":186,"column":4},"end":{"line":188,"column":4}}},"16":{"name":"getIsExcludedFromFees","line":190,"loc":{"start":{"line":190,"column":4},"end":{"line":192,"column":4}}}},"statementMap":{"1":{"start":{"line":52,"column":8},"end":{"line":52,"column":70}},"2":{"start":{"line":53,"column":8},"end":{"line":53,"column":51}},"3":{"start":{"line":54,"column":8},"end":{"line":54,"column":42}},"4":{"start":{"line":55,"column":8},"end":{"line":55,"column":52}},"5":{"start":{"line":56,"column":8},"end":{"line":56,"column":48}},"6":{"start":{"line":58,"column":8},"end":{"line":58,"column":55}},"7":{"start":{"line":59,"column":8},"end":{"line":59,"column":47}},"8":{"start":{"line":63,"column":8},"end":{"line":63,"column":53}},"9":{"start":{"line":64,"column":8},"end":{"line":64,"column":19}},"10":{"start":{"line":68,"column":8},"end":{"line":68,"column":56}},"11":{"start":{"line":69,"column":8},"end":{"line":69,"column":42}},"12":{"start":{"line":71,"column":8},"end":{"line":71,"column":49}},"13":{"start":{"line":72,"column":8},"end":{"line":72,"column":19}},"14":{"start":{"line":76,"column":8},"end":{"line":76,"column":106}},"15":{"start":{"line":77,"column":8},"end":{"line":77,"column":51}},"16":{"start":{"line":78,"column":8},"end":{"line":78,"column":42}},"17":{"start":{"line":80,"column":8},"end":{"line":80,"column":46}},"18":{"start":{"line":81,"column":8},"end":{"line":81,"column":42}},"19":{"start":{"line":83,"column":8},"end":{"line":83,"column":26}},"20":{"start":{"line":84,"column":8},"end":{"line":84,"column":2791}},"21":{"start":{"line":88,"column":8},"end":{"line":88,"column":2928}},"22":{"start":{"line":92,"column":8},"end":{"line":92,"column":47}},"23":{"start":{"line":97,"column":8},"end":{"line":97,"column":47}},"24":{"start":{"line":98,"column":8},"end":{"line":98,"column":19}},"25":{"start":{"line":102,"column":8},"end":{"line":102,"column":75}},"26":{"start":{"line":104,"column":8},"end":{"line":104,"column":19}},"27":{"start":{"line":108,"column":8},"end":{"line":108,"column":78}},"28":{"start":{"line":110,"column":8},"end":{"line":110,"column":19}},"29":{"start":{"line":114,"column":8},"end":{"line":114,"column":39}},"30":{"start":{"line":119,"column":8},"end":{"line":119,"column":46}},"31":{"start":{"line":120,"column":8},"end":{"line":120,"column":65}},"32":{"start":{"line":123,"column":8},"end":{"line":123,"column":4103}},"33":{"start":{"line":137,"column":8},"end":{"line":137,"column":68}},"34":{"start":{"line":142,"column":8},"end":{"line":142,"column":4716}},"35":{"start":{"line":143,"column":12},"end":{"line":143,"column":18}},"36":{"start":{"line":146,"column":8},"end":{"line":146,"column":67}},"37":{"start":{"line":147,"column":8},"end":{"line":147,"column":46}},"38":{"start":{"line":149,"column":8},"end":{"line":149,"column":84}},"39":{"start":{"line":150,"column":8},"end":{"line":150,"column":86}},"40":{"start":{"line":152,"column":8},"end":{"line":152,"column":88}},"41":{"start":{"line":153,"column":8},"end":{"line":153,"column":96}},"42":{"start":{"line":157,"column":8},"end":{"line":157,"column":59}},"43":{"start":{"line":158,"column":8},"end":{"line":158,"column":51}},"44":{"start":{"line":159,"column":8},"end":{"line":159,"column":42}},"45":{"start":{"line":163,"column":8},"end":{"line":163,"column":44}},"46":{"start":{"line":164,"column":8},"end":{"line":164,"column":19}},"47":{"start":{"line":168,"column":8},"end":{"line":168,"column":59}},"48":{"start":{"line":169,"column":8},"end":{"line":169,"column":42}},"49":{"start":{"line":170,"column":8},"end":{"line":170,"column":70}},"50":{"start":{"line":174,"column":8},"end":{"line":174,"column":52}},"51":{"start":{"line":175,"column":8},"end":{"line":175,"column":19}},"52":{"start":{"line":179,"column":8},"end":{"line":179,"column":33}},"53":{"start":{"line":183,"column":8},"end":{"line":183,"column":42}},"54":{"start":{"line":187,"column":8},"end":{"line":187,"column":27}},"55":{"start":{"line":191,"column":8},"end":{"line":191,"column":43}}},"branchMap":{"1":{"line":52,"type":"if","locations":[{"start":{"line":52,"column":8},"end":{"line":52,"column":8}},{"start":{"line":52,"column":8},"end":{"line":52,"column":8}}]},"2":{"line":53,"type":"if","locations":[{"start":{"line":53,"column":8},"end":{"line":53,"column":8}},{"start":{"line":53,"column":8},"end":{"line":53,"column":8}}]},"3":{"line":54,"type":"if","locations":[{"start":{"line":54,"column":8},"end":{"line":54,"column":8}},{"start":{"line":54,"column":8},"end":{"line":54,"column":8}}]},"4":{"line":68,"type":"if","locations":[{"start":{"line":68,"column":8},"end":{"line":68,"column":8}},{"start":{"line":68,"column":8},"end":{"line":68,"column":8}}]},"5":{"line":69,"type":"if","locations":[{"start":{"line":69,"column":8},"end":{"line":69,"column":8}},{"start":{"line":69,"column":8},"end":{"line":69,"column":8}}]},"6":{"line":76,"type":"if","locations":[{"start":{"line":76,"column":8},"end":{"line":76,"column":8}},{"start":{"line":76,"column":8},"end":{"line":76,"column":8}}]},"7":{"line":77,"type":"if","locations":[{"start":{"line":77,"column":8},"end":{"line":77,"column":8}},{"start":{"line":77,"column":8},"end":{"line":77,"column":8}}]},"8":{"line":78,"type":"if","locations":[{"start":{"line":78,"column":8},"end":{"line":78,"column":8}},{"start":{"line":78,"column":8},"end":{"line":78,"column":8}}]},"9":{"line":84,"type":"if","locations":[{"start":{"line":84,"column":8},"end":{"line":84,"column":8}},{"start":{"line":84,"column":8},"end":{"line":84,"column":8}}]},"10":{"line":88,"type":"if","locations":[{"start":{"line":88,"column":8},"end":{"line":88,"column":8}},{"start":{"line":88,"column":8},"end":{"line":88,"column":8}}]},"11":{"line":102,"type":"if","locations":[{"start":{"line":102,"column":8},"end":{"line":102,"column":8}},{"start":{"line":102,"column":8},"end":{"line":102,"column":8}}]},"12":{"line":108,"type":"if","locations":[{"start":{"line":108,"column":8},"end":{"line":108,"column":8}},{"start":{"line":108,"column":8},"end":{"line":108,"column":8}}]},"13":{"line":123,"type":"if","locations":[{"start":{"line":123,"column":8},"end":{"line":123,"column":8}},{"start":{"line":123,"column":8},"end":{"line":123,"column":8}}]},"14":{"line":137,"type":"if","locations":[{"start":{"line":137,"column":8},"end":{"line":137,"column":8}},{"start":{"line":137,"column":8},"end":{"line":137,"column":8}}]},"15":{"line":142,"type":"if","locations":[{"start":{"line":142,"column":8},"end":{"line":142,"column":8}},{"start":{"line":142,"column":8},"end":{"line":142,"column":8}}]},"16":{"line":149,"type":"if","locations":[{"start":{"line":149,"column":68},"end":{"line":149,"column":68}},{"start":{"line":149,"column":72},"end":{"line":149,"column":83}}]},"17":{"line":150,"type":"if","locations":[{"start":{"line":150,"column":69},"end":{"line":150,"column":69}},{"start":{"line":150,"column":73},"end":{"line":150,"column":85}}]},"18":{"line":152,"type":"if","locations":[{"start":{"line":152,"column":8},"end":{"line":152,"column":8}},{"start":{"line":152,"column":8},"end":{"line":152,"column":8}}]},"19":{"line":153,"type":"if","locations":[{"start":{"line":153,"column":8},"end":{"line":153,"column":8}},{"start":{"line":153,"column":8},"end":{"line":153,"column":8}}]},"20":{"line":157,"type":"if","locations":[{"start":{"line":157,"column":8},"end":{"line":157,"column":8}},{"start":{"line":157,"column":8},"end":{"line":157,"column":8}}]},"21":{"line":158,"type":"if","locations":[{"start":{"line":158,"column":8},"end":{"line":158,"column":8}},{"start":{"line":158,"column":8},"end":{"line":158,"column":8}}]},"22":{"line":159,"type":"if","locations":[{"start":{"line":159,"column":8},"end":{"line":159,"column":8}},{"start":{"line":159,"column":8},"end":{"line":159,"column":8}}]},"23":{"line":168,"type":"if","locations":[{"start":{"line":168,"column":8},"end":{"line":168,"column":8}},{"start":{"line":168,"column":8},"end":{"line":168,"column":8}}]},"24":{"line":169,"type":"if","locations":[{"start":{"line":169,"column":8},"end":{"line":169,"column":8}},{"start":{"line":169,"column":8},"end":{"line":169,"column":8}}]},"25":{"line":170,"type":"if","locations":[{"start":{"line":170,"column":8},"end":{"line":170,"column":8}},{"start":{"line":170,"column":8},"end":{"line":170,"column":8}}]}}}}
