TN:
SF:/home/ubuntu/web3-tasks/advanced2-contract-dev/task1/meme-experience/contracts/LiquidityPool.sol
FN:22,constructor
FN:27,addLiquidity
FN:53,removeLiquidity
FN:72,swapETHForToken
FN:93,swapTokenForETH
FN:114,getSwapPrice
FN:130,getPoolInfo
FN:134,getMemeToken
FN:138,getOwner
FNF:9
FNH:9
FNDA:6,constructor
FNDA:5,addLiquidity
FNDA:1,removeLiquidity
FNDA:1,swapETHForToken
FNDA:1,swapTokenForETH
FNDA:2,getSwapPrice
FNDA:2,getPoolInfo
FNDA:1,getMemeToken
FNDA:1,getOwner
DA:23,6
DA:24,6
DA:28,5
DA:30,5
DA:31,5
DA:33,5
DA:35,5
DA:37,0
DA:38,0
DA:39,0
DA:42,5
DA:43,5
DA:45,5
DA:46,5
DA:47,5
DA:48,5
DA:50,5
DA:54,1
DA:56,1
DA:57,1
DA:59,1
DA:60,1
DA:61,1
DA:62,1
DA:64,1
DA:65,1
DA:66,1
DA:68,1
DA:73,1
DA:74,1
DA:76,1
DA:78,1
DA:79,1
DA:81,1
DA:83,1
DA:84,1
DA:86,1
DA:87,1
DA:89,1
DA:94,1
DA:95,1
DA:98,1
DA:99,1
DA:101,1
DA:103,1
DA:104,1
DA:106,1
DA:107,1
DA:109,1
DA:111,1
DA:115,2
DA:117,2
DA:118,0
DA:121,2
DA:122,1
DA:123,1
DA:125,1
DA:126,1
DA:131,2
DA:135,1
DA:139,1
LF:61
LH:57
BRDA:28,1,0,5
BRDA:28,1,1,0
BRDA:33,2,0,5
BRDA:33,2,1,0
BRDA:39,3,0,0
BRDA:39,3,1,0
BRDA:43,4,0,5
BRDA:43,4,1,0
BRDA:54,5,0,1
BRDA:54,5,1,0
BRDA:73,6,0,1
BRDA:73,6,1,0
BRDA:74,7,0,1
BRDA:74,7,1,0
BRDA:81,8,0,1
BRDA:81,8,1,0
BRDA:94,9,0,1
BRDA:94,9,1,0
BRDA:95,10,0,1
BRDA:95,10,1,0
BRDA:101,11,0,1
BRDA:101,11,1,0
BRDA:115,12,0,2
BRDA:115,12,1,0
BRDA:117,13,0,0
BRDA:117,13,1,2
BRDA:117,14,0,0
BRDA:117,14,1,0
BRDA:121,15,0,1
BRDA:121,15,1,1
BRF:30
BRH:14
end_of_record
TN:
SF:/home/ubuntu/web3-tasks/advanced2-contract-dev/task1/meme-experience/contracts/Meme.sol
FN:34,constructor
FN:51,transfer
FN:67,approve
FN:75,transferFrom
FN:101,addExcludedFromFees
FN:107,removeExcludedFromFees
FN:113,getCurrentDate
FN:118,_checkAndUpdateRecords
FN:136,setExemption
FN:141,_validateTransactionLimits
FN:156,mint
FN:167,burn
FN:178,balanceOf
FN:182,allowance
FN:186,getTotalSupply
FN:190,getIsExcludedFromFees
FNF:16
FNH:15
FNDA:12,constructor
FNDA:4,transfer
FNDA:7,approve
FNDA:7,transferFrom
FNDA:1,addExcludedFromFees
FNDA:1,removeExcludedFromFees
FNDA:22,getCurrentDate
FNDA:11,_checkAndUpdateRecords
FNDA:0,setExemption
FNDA:11,_validateTransactionLimits
FNDA:1,mint
FNDA:1,burn
FNDA:7,balanceOf
FNDA:1,allowance
FNDA:4,getTotalSupply
FNDA:2,getIsExcludedFromFees
DA:40,12
DA:41,12
DA:42,12
DA:43,12
DA:44,12
DA:45,12
DA:47,12
DA:48,12
DA:52,4
DA:53,4
DA:54,4
DA:55,4
DA:56,4
DA:58,4
DA:59,4
DA:61,4
DA:62,4
DA:63,4
DA:64,4
DA:68,7
DA:69,7
DA:70,7
DA:71,7
DA:72,7
DA:76,7
DA:77,7
DA:78,7
DA:80,7
DA:81,7
DA:83,7
DA:84,7
DA:85,7
DA:88,7
DA:89,7
DA:92,7
DA:94,7
DA:95,7
DA:96,7
DA:97,7
DA:98,7
DA:102,1
DA:103,1
DA:104,1
DA:108,1
DA:109,1
DA:110,1
DA:114,22
DA:119,11
DA:120,11
DA:123,11
DA:124,10
DA:125,10
DA:126,10
DA:130,11
DA:131,11
DA:137,0
DA:138,0
DA:142,11
DA:143,0
DA:146,11
DA:147,11
DA:149,11
DA:150,11
DA:152,11
DA:153,11
DA:157,1
DA:158,1
DA:159,1
DA:161,1
DA:162,1
DA:163,1
DA:164,1
DA:168,1
DA:169,1
DA:170,1
DA:172,1
DA:173,1
DA:174,1
DA:175,1
DA:179,7
DA:183,1
DA:187,4
DA:191,2
LF:83
LH:80
BRDA:52,1,0,4
BRDA:52,1,1,0
BRDA:53,2,0,4
BRDA:53,2,1,0
BRDA:54,3,0,4
BRDA:54,3,1,0
BRDA:68,4,0,7
BRDA:68,4,1,0
BRDA:69,5,0,7
BRDA:69,5,1,0
BRDA:76,6,0,7
BRDA:76,6,1,0
BRDA:77,7,0,7
BRDA:77,7,1,0
BRDA:78,8,0,7
BRDA:78,8,1,0
BRDA:84,9,0,7
BRDA:84,9,1,0
BRDA:88,10,0,7
BRDA:88,10,1,0
BRDA:102,11,0,1
BRDA:102,11,1,0
BRDA:108,12,0,1
BRDA:108,12,1,0
BRDA:123,13,0,10
BRDA:123,13,1,1
BRDA:137,14,0,0
BRDA:137,14,1,0
BRDA:142,15,0,0
BRDA:142,15,1,11
BRDA:149,16,0,10
BRDA:149,16,1,1
BRDA:150,17,0,10
BRDA:150,17,1,1
BRDA:152,18,0,11
BRDA:152,18,1,0
BRDA:153,19,0,11
BRDA:153,19,1,0
BRDA:157,20,0,1
BRDA:157,20,1,0
BRDA:158,21,0,1
BRDA:158,21,1,0
BRDA:159,22,0,1
BRDA:159,22,1,0
BRDA:168,23,0,1
BRDA:168,23,1,0
BRDA:169,24,0,1
BRDA:169,24,1,0
BRDA:170,25,0,1
BRDA:170,25,1,0
BRF:50
BRH:27
end_of_record
